c:\users\andres\desktop\url ja. agustín_g\ciclo 2\programación avanzada laboratorio\tarea1_julio_agustin_1299720\debug\vc142.pdb
c:\users\andres\desktop\url ja. agustín_g\ciclo 2\programación avanzada laboratorio\tarea1_julio_agustin_1299720\debug\.netframework,version=v4.6.1.assemblyattributes.obj
c:\users\andres\desktop\url ja. agustín_g\ciclo 2\programación avanzada laboratorio\tarea1_julio_agustin_1299720\debug\menudeejercicios.obj
c:\users\andres\desktop\url ja. agustín_g\ciclo 2\programación avanzada laboratorio\tarea1_julio_agustin_1299720\debug\ejercicio4.obj
c:\users\andres\desktop\url ja. agustín_g\ciclo 2\programación avanzada laboratorio\tarea1_julio_agustin_1299720\debug\ejercicio3.obj
c:\users\andres\desktop\url ja. agustín_g\ciclo 2\programación avanzada laboratorio\tarea1_julio_agustin_1299720\debug\ejercicio2.obj
c:\users\andres\desktop\url ja. agustín_g\ciclo 2\programación avanzada laboratorio\tarea1_julio_agustin_1299720\debug\ejercicio1.obj
c:\users\andres\desktop\url ja. agustín_g\ciclo 2\programación avanzada laboratorio\tarea1_julio_agustin_1299720\debug\tarea1_julio_agustin_1299720.exe
c:\users\andres\desktop\url ja. agustín_g\ciclo 2\programación avanzada laboratorio\tarea1_julio_agustin_1299720\debug\tarea1_julio_agustin_1299720.pdb
c:\users\andres\desktop\url ja. agustín_g\ciclo 2\programación avanzada laboratorio\tarea1_julio_agustin_1299720\debug\tarea1julioagustin1299720.ejercicio1.resources
c:\users\andres\desktop\url ja. agustín_g\ciclo 2\programación avanzada laboratorio\tarea1_julio_agustin_1299720\debug\tarea1julioagustin1299720.ejercicio2.resources
c:\users\andres\desktop\url ja. agustín_g\ciclo 2\programación avanzada laboratorio\tarea1_julio_agustin_1299720\debug\tarea1julioagustin1299720.ejercicio3.resources
c:\users\andres\desktop\url ja. agustín_g\ciclo 2\programación avanzada laboratorio\tarea1_julio_agustin_1299720\debug\tarea1julioagustin1299720.ejercicio4.resources
c:\users\andres\desktop\url ja. agustín_g\ciclo 2\programación avanzada laboratorio\tarea1_julio_agustin_1299720\debug\tarea1julioagustin1299720.menudeejercicios.resources
c:\users\andres\desktop\url ja. agustín_g\ciclo 2\programación avanzada laboratorio\tarea1_julio_agustin_1299720\debug\tarea1_julio_agustin_1299720.exe.metagen
c:\users\andres\desktop\url ja. agustín_g\ciclo 2\programación avanzada laboratorio\tarea1_julio_agustin_1299720\debug\tarea1_j.b252391c.tlog\cl.command.1.tlog
c:\users\andres\desktop\url ja. agustín_g\ciclo 2\programación avanzada laboratorio\tarea1_julio_agustin_1299720\debug\tarea1_j.b252391c.tlog\cl.read.1.tlog
c:\users\andres\desktop\url ja. agustín_g\ciclo 2\programación avanzada laboratorio\tarea1_julio_agustin_1299720\debug\tarea1_j.b252391c.tlog\cl.write.1.tlog
c:\users\andres\desktop\url ja. agustín_g\ciclo 2\programación avanzada laboratorio\tarea1_julio_agustin_1299720\debug\tarea1_j.b252391c.tlog\link.command.1.tlog
c:\users\andres\desktop\url ja. agustín_g\ciclo 2\programación avanzada laboratorio\tarea1_julio_agustin_1299720\debug\tarea1_j.b252391c.tlog\link.read.1.tlog
c:\users\andres\desktop\url ja. agustín_g\ciclo 2\programación avanzada laboratorio\tarea1_julio_agustin_1299720\debug\tarea1_j.b252391c.tlog\link.write.1.tlog
c:\users\andres\desktop\url ja. agustín_g\ciclo 2\programación avanzada laboratorio\tarea1_julio_agustin_1299720\debug\tarea1_j.b252391c.tlog\metagen.read.1.tlog
c:\users\andres\desktop\url ja. agustín_g\ciclo 2\programación avanzada laboratorio\tarea1_julio_agustin_1299720\debug\tarea1_j.b252391c.tlog\metagen.write.1.tlog
c:\users\andres\desktop\url ja. agustín_g\ciclo 2\programación avanzada laboratorio\tarea1_julio_agustin_1299720\debug\tarea1_j.b252391c.tlog\tarea1_julio_agustin_1299720.write.1u.tlog
